<?xml version="1.0" encoding="UTF-8"?>
<testsuite xmlns:xsi="http://www.w3.org/2001/XMLSchema-instance" xsi:noNamespaceSchemaLocation="https://maven.apache.org/surefire/maven-surefire-plugin/xsd/surefire-test-report-3.0.xsd" version="3.0" name="com.spotify.oauth2.tests.PlaylistTests" time="6.236" tests="5" errors="0" skipped="0" failures="0">
  <properties>
    <property name="java.specification.version" value="20"/>
    <property name="sun.cpu.isalist" value="amd64"/>
    <property name="sun.jnu.encoding" value="Cp1252"/>
    <property name="java.class.path" value="C:\applications\restAssuredOmPrakash\RestAssuredFramework\target\test-classes;C:\applications\restAssuredOmPrakash\RestAssuredFramework\target\classes;C:\Users\PandeH\.m2\repository\io\rest-assured\rest-assured\5.3.2\rest-assured-5.3.2.jar;C:\Users\PandeH\.m2\repository\org\apache\groovy\groovy\4.0.11\groovy-4.0.11.jar;C:\Users\PandeH\.m2\repository\org\apache\groovy\groovy-xml\4.0.11\groovy-xml-4.0.11.jar;C:\Users\PandeH\.m2\repository\org\apache\httpcomponents\httpclient\4.5.13\httpclient-4.5.13.jar;C:\Users\PandeH\.m2\repository\org\apache\httpcomponents\httpcore\4.4.13\httpcore-4.4.13.jar;C:\Users\PandeH\.m2\repository\commons-logging\commons-logging\1.2\commons-logging-1.2.jar;C:\Users\PandeH\.m2\repository\commons-codec\commons-codec\1.11\commons-codec-1.11.jar;C:\Users\PandeH\.m2\repository\org\apache\httpcomponents\httpmime\4.5.13\httpmime-4.5.13.jar;C:\Users\PandeH\.m2\repository\org\hamcrest\hamcrest\2.2\hamcrest-2.2.jar;C:\Users\PandeH\.m2\repository\org\ccil\cowan\tagsoup\tagsoup\1.2.1\tagsoup-1.2.1.jar;C:\Users\PandeH\.m2\repository\io\rest-assured\json-path\5.3.2\json-path-5.3.2.jar;C:\Users\PandeH\.m2\repository\org\apache\groovy\groovy-json\4.0.11\groovy-json-4.0.11.jar;C:\Users\PandeH\.m2\repository\io\rest-assured\rest-assured-common\5.3.2\rest-assured-common-5.3.2.jar;C:\Users\PandeH\.m2\repository\io\rest-assured\xml-path\5.3.2\xml-path-5.3.2.jar;C:\Users\PandeH\.m2\repository\org\apache\commons\commons-lang3\3.11\commons-lang3-3.11.jar;C:\Users\PandeH\.m2\repository\org\testng\testng\7.3.0\testng-7.3.0.jar;C:\Users\PandeH\.m2\repository\com\beust\jcommander\1.78\jcommander-1.78.jar;C:\Users\PandeH\.m2\repository\org\apache\ant\ant\1.10.3\ant-1.10.3.jar;C:\Users\PandeH\.m2\repository\org\apache\ant\ant-launcher\1.10.3\ant-launcher-1.10.3.jar;C:\Users\PandeH\.m2\repository\junit\junit\4.12\junit-4.12.jar;C:\Users\PandeH\.m2\repository\org\hamcrest\hamcrest-core\1.3\hamcrest-core-1.3.jar;C:\Users\PandeH\.m2\repository\com\google\inject\guice\4.2.2\guice-4.2.2-no_aop.jar;C:\Users\PandeH\.m2\repository\javax\inject\javax.inject\1\javax.inject-1.jar;C:\Users\PandeH\.m2\repository\aopalliance\aopalliance\1.0\aopalliance-1.0.jar;C:\Users\PandeH\.m2\repository\com\google\guava\guava\25.1-android\guava-25.1-android.jar;C:\Users\PandeH\.m2\repository\org\checkerframework\checker-compat-qual\2.0.0\checker-compat-qual-2.0.0.jar;C:\Users\PandeH\.m2\repository\com\google\errorprone\error_prone_annotations\2.1.3\error_prone_annotations-2.1.3.jar;C:\Users\PandeH\.m2\repository\com\google\j2objc\j2objc-annotations\1.1\j2objc-annotations-1.1.jar;C:\Users\PandeH\.m2\repository\org\codehaus\mojo\animal-sniffer-annotations\1.14\animal-sniffer-annotations-1.14.jar;C:\Users\PandeH\.m2\repository\org\yaml\snakeyaml\1.21\snakeyaml-1.21.jar;C:\Users\PandeH\.m2\repository\com\fasterxml\jackson\core\jackson-databind\2.15.2\jackson-databind-2.15.2.jar;C:\Users\PandeH\.m2\repository\com\fasterxml\jackson\core\jackson-annotations\2.15.2\jackson-annotations-2.15.2.jar;C:\Users\PandeH\.m2\repository\com\fasterxml\jackson\core\jackson-core\2.15.2\jackson-core-2.15.2.jar;C:\Users\PandeH\.m2\repository\io\rest-assured\json-schema-validator\5.3.0\json-schema-validator-5.3.0.jar;C:\Users\PandeH\.m2\repository\com\github\java-json-tools\json-schema-validator\2.2.14\json-schema-validator-2.2.14.jar;C:\Users\PandeH\.m2\repository\com\github\java-json-tools\jackson-coreutils-equivalence\1.0\jackson-coreutils-equivalence-1.0.jar;C:\Users\PandeH\.m2\repository\com\github\java-json-tools\jackson-coreutils\2.0\jackson-coreutils-2.0.jar;C:\Users\PandeH\.m2\repository\com\github\java-json-tools\msg-simple\1.2\msg-simple-1.2.jar;C:\Users\PandeH\.m2\repository\com\github\java-json-tools\btf\1.3\btf-1.3.jar;C:\Users\PandeH\.m2\repository\com\github\java-json-tools\json-schema-core\1.2.14\json-schema-core-1.2.14.jar;C:\Users\PandeH\.m2\repository\com\github\java-json-tools\uri-template\0.10\uri-template-0.10.jar;C:\Users\PandeH\.m2\repository\org\mozilla\rhino\1.7.7.2\rhino-1.7.7.2.jar;C:\Users\PandeH\.m2\repository\com\sun\mail\mailapi\1.6.2\mailapi-1.6.2.jar;C:\Users\PandeH\.m2\repository\joda-time\joda-time\2.10.5\joda-time-2.10.5.jar;C:\Users\PandeH\.m2\repository\com\googlecode\libphonenumber\libphonenumber\8.11.1\libphonenumber-8.11.1.jar;C:\Users\PandeH\.m2\repository\com\google\code\findbugs\jsr305\3.0.2\jsr305-3.0.2.jar;C:\Users\PandeH\.m2\repository\net\sf\jopt-simple\jopt-simple\5.0.4\jopt-simple-5.0.4.jar;C:\Users\PandeH\.m2\repository\org\slf4j\slf4j-api\2.0.9\slf4j-api-2.0.9.jar;C:\Users\PandeH\.m2\repository\org\slf4j\slf4j-simple\2.0.9\slf4j-simple-2.0.9.jar;C:\Users\PandeH\.m2\repository\org\projectlombok\lombok\1.18.30\lombok-1.18.30.jar;C:\Users\PandeH\.m2\repository\io\qameta\allure\allure-rest-assured\2.14.0\allure-rest-assured-2.14.0.jar;C:\Users\PandeH\.m2\repository\io\qameta\allure\allure-attachments\2.14.0\allure-attachments-2.14.0.jar;C:\Users\PandeH\.m2\repository\org\freemarker\freemarker\2.3.31\freemarker-2.3.31.jar;C:\Users\PandeH\.m2\repository\io\qameta\allure\allure-testng\2.24.0\allure-testng-2.24.0.jar;C:\Users\PandeH\.m2\repository\io\qameta\allure\allure-java-commons\2.24.0\allure-java-commons-2.24.0.jar;C:\Users\PandeH\.m2\repository\io\qameta\allure\allure-model\2.24.0\allure-model-2.24.0.jar;C:\Users\PandeH\.m2\repository\io\qameta\allure\allure-test-filter\2.24.0\allure-test-filter-2.24.0.jar;C:\Users\PandeH\.m2\repository\org\apache\maven\plugins\maven-compiler-plugin\3.11.0\maven-compiler-plugin-3.11.0.jar;C:\Users\PandeH\.m2\repository\org\apache\maven\shared\maven-shared-utils\3.3.4\maven-shared-utils-3.3.4.jar;C:\Users\PandeH\.m2\repository\commons-io\commons-io\2.6\commons-io-2.6.jar;C:\Users\PandeH\.m2\repository\org\apache\maven\shared\maven-shared-incremental\1.1\maven-shared-incremental-1.1.jar;C:\Users\PandeH\.m2\repository\org\codehaus\plexus\plexus-component-annotations\1.5.5\plexus-component-annotations-1.5.5.jar;C:\Users\PandeH\.m2\repository\org\codehaus\plexus\plexus-java\1.1.2\plexus-java-1.1.2.jar;C:\Users\PandeH\.m2\repository\org\ow2\asm\asm\9.4\asm-9.4.jar;C:\Users\PandeH\.m2\repository\com\thoughtworks\qdox\qdox\2.0.3\qdox-2.0.3.jar;C:\Users\PandeH\.m2\repository\org\codehaus\plexus\plexus-compiler-api\2.13.0\plexus-compiler-api-2.13.0.jar;C:\Users\PandeH\.m2\repository\org\codehaus\plexus\plexus-utils\3.4.2\plexus-utils-3.4.2.jar;C:\Users\PandeH\.m2\repository\org\codehaus\plexus\plexus-compiler-manager\2.13.0\plexus-compiler-manager-2.13.0.jar;C:\Users\PandeH\.m2\repository\org\codehaus\plexus\plexus-compiler-javac\2.13.0\plexus-compiler-javac-2.13.0.jar;C:\Users\PandeH\.m2\repository\org\apache\maven\plugins\maven-surefire-plugin\3.2.2\maven-surefire-plugin-3.2.2.jar;C:\Users\PandeH\.m2\repository\org\apache\maven\surefire\maven-surefire-common\3.2.2\maven-surefire-common-3.2.2.jar;C:\Users\PandeH\.m2\repository\org\apache\maven\surefire\surefire-api\3.2.2\surefire-api-3.2.2.jar;C:\Users\PandeH\.m2\repository\org\apache\maven\surefire\surefire-logger-api\3.2.2\surefire-logger-api-3.2.2.jar;C:\Users\PandeH\.m2\repository\org\apache\maven\surefire\surefire-extensions-api\3.2.2\surefire-extensions-api-3.2.2.jar;C:\Users\PandeH\.m2\repository\org\apache\maven\surefire\surefire-booter\3.2.2\surefire-booter-3.2.2.jar;C:\Users\PandeH\.m2\repository\org\apache\maven\surefire\surefire-extensions-spi\3.2.2\surefire-extensions-spi-3.2.2.jar;C:\Users\PandeH\.m2\repository\org\eclipse\aether\aether-util\1.0.0.v20140518\aether-util-1.0.0.v20140518.jar;C:\Users\PandeH\.m2\repository\org\eclipse\aether\aether-api\1.0.0.v20140518\aether-api-1.0.0.v20140518.jar;C:\Users\PandeH\.m2\repository\org\apache\maven\shared\maven-common-artifact-filters\3.1.1\maven-common-artifact-filters-3.1.1.jar;C:\Users\PandeH\.m2\repository\org\apache\maven\maven-artifact\3.1.0\maven-artifact-3.1.0.jar;C:\Users\PandeH\.m2\repository\org\apache\maven\maven-core\3.1.0\maven-core-3.1.0.jar;C:\Users\PandeH\.m2\repository\org\apache\maven\maven-settings\3.1.0\maven-settings-3.1.0.jar;C:\Users\PandeH\.m2\repository\org\apache\maven\maven-settings-builder\3.1.0\maven-settings-builder-3.1.0.jar;C:\Users\PandeH\.m2\repository\org\apache\maven\maven-repository-metadata\3.1.0\maven-repository-metadata-3.1.0.jar;C:\Users\PandeH\.m2\repository\org\apache\maven\maven-model-builder\3.1.0\maven-model-builder-3.1.0.jar;C:\Users\PandeH\.m2\repository\org\apache\maven\maven-aether-provider\3.1.0\maven-aether-provider-3.1.0.jar;C:\Users\PandeH\.m2\repository\org\eclipse\aether\aether-spi\0.9.0.M2\aether-spi-0.9.0.M2.jar;C:\Users\PandeH\.m2\repository\org\eclipse\aether\aether-impl\0.9.0.M2\aether-impl-0.9.0.M2.jar;C:\Users\PandeH\.m2\repository\org\eclipse\sisu\org.eclipse.sisu.plexus\0.0.0.M2a\org.eclipse.sisu.plexus-0.0.0.M2a.jar;C:\Users\PandeH\.m2\repository\javax\enterprise\cdi-api\1.0\cdi-api-1.0.jar;C:\Users\PandeH\.m2\repository\javax\annotation\jsr250-api\1.0\jsr250-api-1.0.jar;C:\Users\PandeH\.m2\repository\org\sonatype\sisu\sisu-guice\3.1.0\sisu-guice-3.1.0-no_aop.jar;C:\Users\PandeH\.m2\repository\org\eclipse\sisu\org.eclipse.sisu.inject\0.0.0.M2a\org.eclipse.sisu.inject-0.0.0.M2a.jar;C:\Users\PandeH\.m2\repository\asm\asm\3.3.1\asm-3.3.1.jar;C:\Users\PandeH\.m2\repository\org\codehaus\plexus\plexus-interpolation\1.16\plexus-interpolation-1.16.jar;C:\Users\PandeH\.m2\repository\org\codehaus\plexus\plexus-classworlds\2.4.2\plexus-classworlds-2.4.2.jar;C:\Users\PandeH\.m2\repository\org\sonatype\plexus\plexus-sec-dispatcher\1.3\plexus-sec-dispatcher-1.3.jar;C:\Users\PandeH\.m2\repository\org\sonatype\plexus\plexus-cipher\1.4\plexus-cipher-1.4.jar;C:\Users\PandeH\.m2\repository\org\apache\maven\maven-plugin-api\3.1.0\maven-plugin-api-3.1.0.jar;C:\Users\PandeH\.m2\repository\org\apache\maven\surefire\surefire-shared-utils\3.2.2\surefire-shared-utils-3.2.2.jar;"/>
    <property name="java.vm.vendor" value="Oracle Corporation"/>
    <property name="sun.arch.data.model" value="64"/>
    <property name="user.variant" value=""/>
    <property name="java.vendor.url" value="https://java.oracle.com/"/>
    <property name="user.timezone" value="Asia/Calcutta"/>
    <property name="os.name" value="Windows 11"/>
    <property name="java.vm.specification.version" value="20"/>
    <property name="sun.java.launcher" value="SUN_STANDARD"/>
    <property name="user.country" value="US"/>
    <property name="sun.boot.library.path" value="C:\Program Files\Java\jdk-20\bin"/>
    <property name="sun.java.command" value="C:\Users\PandeH\AppData\Local\Temp\surefire3195198640794006632\surefirebooter-20231120173649707_3.jar C:\Users\PandeH\AppData\Local\Temp\surefire3195198640794006632 2023-11-20T17-36-49_562-jvmRun1 surefire-20231120173649707_1tmp surefire_0-20231120173649707_2tmp"/>
    <property name="jdk.debug" value="release"/>
    <property name="surefire.test.class.path" value="C:\applications\restAssuredOmPrakash\RestAssuredFramework\target\test-classes;C:\applications\restAssuredOmPrakash\RestAssuredFramework\target\classes;C:\Users\PandeH\.m2\repository\io\rest-assured\rest-assured\5.3.2\rest-assured-5.3.2.jar;C:\Users\PandeH\.m2\repository\org\apache\groovy\groovy\4.0.11\groovy-4.0.11.jar;C:\Users\PandeH\.m2\repository\org\apache\groovy\groovy-xml\4.0.11\groovy-xml-4.0.11.jar;C:\Users\PandeH\.m2\repository\org\apache\httpcomponents\httpclient\4.5.13\httpclient-4.5.13.jar;C:\Users\PandeH\.m2\repository\org\apache\httpcomponents\httpcore\4.4.13\httpcore-4.4.13.jar;C:\Users\PandeH\.m2\repository\commons-logging\commons-logging\1.2\commons-logging-1.2.jar;C:\Users\PandeH\.m2\repository\commons-codec\commons-codec\1.11\commons-codec-1.11.jar;C:\Users\PandeH\.m2\repository\org\apache\httpcomponents\httpmime\4.5.13\httpmime-4.5.13.jar;C:\Users\PandeH\.m2\repository\org\hamcrest\hamcrest\2.2\hamcrest-2.2.jar;C:\Users\PandeH\.m2\repository\org\ccil\cowan\tagsoup\tagsoup\1.2.1\tagsoup-1.2.1.jar;C:\Users\PandeH\.m2\repository\io\rest-assured\json-path\5.3.2\json-path-5.3.2.jar;C:\Users\PandeH\.m2\repository\org\apache\groovy\groovy-json\4.0.11\groovy-json-4.0.11.jar;C:\Users\PandeH\.m2\repository\io\rest-assured\rest-assured-common\5.3.2\rest-assured-common-5.3.2.jar;C:\Users\PandeH\.m2\repository\io\rest-assured\xml-path\5.3.2\xml-path-5.3.2.jar;C:\Users\PandeH\.m2\repository\org\apache\commons\commons-lang3\3.11\commons-lang3-3.11.jar;C:\Users\PandeH\.m2\repository\org\testng\testng\7.3.0\testng-7.3.0.jar;C:\Users\PandeH\.m2\repository\com\beust\jcommander\1.78\jcommander-1.78.jar;C:\Users\PandeH\.m2\repository\org\apache\ant\ant\1.10.3\ant-1.10.3.jar;C:\Users\PandeH\.m2\repository\org\apache\ant\ant-launcher\1.10.3\ant-launcher-1.10.3.jar;C:\Users\PandeH\.m2\repository\junit\junit\4.12\junit-4.12.jar;C:\Users\PandeH\.m2\repository\org\hamcrest\hamcrest-core\1.3\hamcrest-core-1.3.jar;C:\Users\PandeH\.m2\repository\com\google\inject\guice\4.2.2\guice-4.2.2-no_aop.jar;C:\Users\PandeH\.m2\repository\javax\inject\javax.inject\1\javax.inject-1.jar;C:\Users\PandeH\.m2\repository\aopalliance\aopalliance\1.0\aopalliance-1.0.jar;C:\Users\PandeH\.m2\repository\com\google\guava\guava\25.1-android\guava-25.1-android.jar;C:\Users\PandeH\.m2\repository\org\checkerframework\checker-compat-qual\2.0.0\checker-compat-qual-2.0.0.jar;C:\Users\PandeH\.m2\repository\com\google\errorprone\error_prone_annotations\2.1.3\error_prone_annotations-2.1.3.jar;C:\Users\PandeH\.m2\repository\com\google\j2objc\j2objc-annotations\1.1\j2objc-annotations-1.1.jar;C:\Users\PandeH\.m2\repository\org\codehaus\mojo\animal-sniffer-annotations\1.14\animal-sniffer-annotations-1.14.jar;C:\Users\PandeH\.m2\repository\org\yaml\snakeyaml\1.21\snakeyaml-1.21.jar;C:\Users\PandeH\.m2\repository\com\fasterxml\jackson\core\jackson-databind\2.15.2\jackson-databind-2.15.2.jar;C:\Users\PandeH\.m2\repository\com\fasterxml\jackson\core\jackson-annotations\2.15.2\jackson-annotations-2.15.2.jar;C:\Users\PandeH\.m2\repository\com\fasterxml\jackson\core\jackson-core\2.15.2\jackson-core-2.15.2.jar;C:\Users\PandeH\.m2\repository\io\rest-assured\json-schema-validator\5.3.0\json-schema-validator-5.3.0.jar;C:\Users\PandeH\.m2\repository\com\github\java-json-tools\json-schema-validator\2.2.14\json-schema-validator-2.2.14.jar;C:\Users\PandeH\.m2\repository\com\github\java-json-tools\jackson-coreutils-equivalence\1.0\jackson-coreutils-equivalence-1.0.jar;C:\Users\PandeH\.m2\repository\com\github\java-json-tools\jackson-coreutils\2.0\jackson-coreutils-2.0.jar;C:\Users\PandeH\.m2\repository\com\github\java-json-tools\msg-simple\1.2\msg-simple-1.2.jar;C:\Users\PandeH\.m2\repository\com\github\java-json-tools\btf\1.3\btf-1.3.jar;C:\Users\PandeH\.m2\repository\com\github\java-json-tools\json-schema-core\1.2.14\json-schema-core-1.2.14.jar;C:\Users\PandeH\.m2\repository\com\github\java-json-tools\uri-template\0.10\uri-template-0.10.jar;C:\Users\PandeH\.m2\repository\org\mozilla\rhino\1.7.7.2\rhino-1.7.7.2.jar;C:\Users\PandeH\.m2\repository\com\sun\mail\mailapi\1.6.2\mailapi-1.6.2.jar;C:\Users\PandeH\.m2\repository\joda-time\joda-time\2.10.5\joda-time-2.10.5.jar;C:\Users\PandeH\.m2\repository\com\googlecode\libphonenumber\libphonenumber\8.11.1\libphonenumber-8.11.1.jar;C:\Users\PandeH\.m2\repository\com\google\code\findbugs\jsr305\3.0.2\jsr305-3.0.2.jar;C:\Users\PandeH\.m2\repository\net\sf\jopt-simple\jopt-simple\5.0.4\jopt-simple-5.0.4.jar;C:\Users\PandeH\.m2\repository\org\slf4j\slf4j-api\2.0.9\slf4j-api-2.0.9.jar;C:\Users\PandeH\.m2\repository\org\slf4j\slf4j-simple\2.0.9\slf4j-simple-2.0.9.jar;C:\Users\PandeH\.m2\repository\org\projectlombok\lombok\1.18.30\lombok-1.18.30.jar;C:\Users\PandeH\.m2\repository\io\qameta\allure\allure-rest-assured\2.14.0\allure-rest-assured-2.14.0.jar;C:\Users\PandeH\.m2\repository\io\qameta\allure\allure-attachments\2.14.0\allure-attachments-2.14.0.jar;C:\Users\PandeH\.m2\repository\org\freemarker\freemarker\2.3.31\freemarker-2.3.31.jar;C:\Users\PandeH\.m2\repository\io\qameta\allure\allure-testng\2.24.0\allure-testng-2.24.0.jar;C:\Users\PandeH\.m2\repository\io\qameta\allure\allure-java-commons\2.24.0\allure-java-commons-2.24.0.jar;C:\Users\PandeH\.m2\repository\io\qameta\allure\allure-model\2.24.0\allure-model-2.24.0.jar;C:\Users\PandeH\.m2\repository\io\qameta\allure\allure-test-filter\2.24.0\allure-test-filter-2.24.0.jar;C:\Users\PandeH\.m2\repository\org\apache\maven\plugins\maven-compiler-plugin\3.11.0\maven-compiler-plugin-3.11.0.jar;C:\Users\PandeH\.m2\repository\org\apache\maven\shared\maven-shared-utils\3.3.4\maven-shared-utils-3.3.4.jar;C:\Users\PandeH\.m2\repository\commons-io\commons-io\2.6\commons-io-2.6.jar;C:\Users\PandeH\.m2\repository\org\apache\maven\shared\maven-shared-incremental\1.1\maven-shared-incremental-1.1.jar;C:\Users\PandeH\.m2\repository\org\codehaus\plexus\plexus-component-annotations\1.5.5\plexus-component-annotations-1.5.5.jar;C:\Users\PandeH\.m2\repository\org\codehaus\plexus\plexus-java\1.1.2\plexus-java-1.1.2.jar;C:\Users\PandeH\.m2\repository\org\ow2\asm\asm\9.4\asm-9.4.jar;C:\Users\PandeH\.m2\repository\com\thoughtworks\qdox\qdox\2.0.3\qdox-2.0.3.jar;C:\Users\PandeH\.m2\repository\org\codehaus\plexus\plexus-compiler-api\2.13.0\plexus-compiler-api-2.13.0.jar;C:\Users\PandeH\.m2\repository\org\codehaus\plexus\plexus-utils\3.4.2\plexus-utils-3.4.2.jar;C:\Users\PandeH\.m2\repository\org\codehaus\plexus\plexus-compiler-manager\2.13.0\plexus-compiler-manager-2.13.0.jar;C:\Users\PandeH\.m2\repository\org\codehaus\plexus\plexus-compiler-javac\2.13.0\plexus-compiler-javac-2.13.0.jar;C:\Users\PandeH\.m2\repository\org\apache\maven\plugins\maven-surefire-plugin\3.2.2\maven-surefire-plugin-3.2.2.jar;C:\Users\PandeH\.m2\repository\org\apache\maven\surefire\maven-surefire-common\3.2.2\maven-surefire-common-3.2.2.jar;C:\Users\PandeH\.m2\repository\org\apache\maven\surefire\surefire-api\3.2.2\surefire-api-3.2.2.jar;C:\Users\PandeH\.m2\repository\org\apache\maven\surefire\surefire-logger-api\3.2.2\surefire-logger-api-3.2.2.jar;C:\Users\PandeH\.m2\repository\org\apache\maven\surefire\surefire-extensions-api\3.2.2\surefire-extensions-api-3.2.2.jar;C:\Users\PandeH\.m2\repository\org\apache\maven\surefire\surefire-booter\3.2.2\surefire-booter-3.2.2.jar;C:\Users\PandeH\.m2\repository\org\apache\maven\surefire\surefire-extensions-spi\3.2.2\surefire-extensions-spi-3.2.2.jar;C:\Users\PandeH\.m2\repository\org\eclipse\aether\aether-util\1.0.0.v20140518\aether-util-1.0.0.v20140518.jar;C:\Users\PandeH\.m2\repository\org\eclipse\aether\aether-api\1.0.0.v20140518\aether-api-1.0.0.v20140518.jar;C:\Users\PandeH\.m2\repository\org\apache\maven\shared\maven-common-artifact-filters\3.1.1\maven-common-artifact-filters-3.1.1.jar;C:\Users\PandeH\.m2\repository\org\apache\maven\maven-artifact\3.1.0\maven-artifact-3.1.0.jar;C:\Users\PandeH\.m2\repository\org\apache\maven\maven-core\3.1.0\maven-core-3.1.0.jar;C:\Users\PandeH\.m2\repository\org\apache\maven\maven-settings\3.1.0\maven-settings-3.1.0.jar;C:\Users\PandeH\.m2\repository\org\apache\maven\maven-settings-builder\3.1.0\maven-settings-builder-3.1.0.jar;C:\Users\PandeH\.m2\repository\org\apache\maven\maven-repository-metadata\3.1.0\maven-repository-metadata-3.1.0.jar;C:\Users\PandeH\.m2\repository\org\apache\maven\maven-model-builder\3.1.0\maven-model-builder-3.1.0.jar;C:\Users\PandeH\.m2\repository\org\apache\maven\maven-aether-provider\3.1.0\maven-aether-provider-3.1.0.jar;C:\Users\PandeH\.m2\repository\org\eclipse\aether\aether-spi\0.9.0.M2\aether-spi-0.9.0.M2.jar;C:\Users\PandeH\.m2\repository\org\eclipse\aether\aether-impl\0.9.0.M2\aether-impl-0.9.0.M2.jar;C:\Users\PandeH\.m2\repository\org\eclipse\sisu\org.eclipse.sisu.plexus\0.0.0.M2a\org.eclipse.sisu.plexus-0.0.0.M2a.jar;C:\Users\PandeH\.m2\repository\javax\enterprise\cdi-api\1.0\cdi-api-1.0.jar;C:\Users\PandeH\.m2\repository\javax\annotation\jsr250-api\1.0\jsr250-api-1.0.jar;C:\Users\PandeH\.m2\repository\org\sonatype\sisu\sisu-guice\3.1.0\sisu-guice-3.1.0-no_aop.jar;C:\Users\PandeH\.m2\repository\org\eclipse\sisu\org.eclipse.sisu.inject\0.0.0.M2a\org.eclipse.sisu.inject-0.0.0.M2a.jar;C:\Users\PandeH\.m2\repository\asm\asm\3.3.1\asm-3.3.1.jar;C:\Users\PandeH\.m2\repository\org\codehaus\plexus\plexus-interpolation\1.16\plexus-interpolation-1.16.jar;C:\Users\PandeH\.m2\repository\org\codehaus\plexus\plexus-classworlds\2.4.2\plexus-classworlds-2.4.2.jar;C:\Users\PandeH\.m2\repository\org\sonatype\plexus\plexus-sec-dispatcher\1.3\plexus-sec-dispatcher-1.3.jar;C:\Users\PandeH\.m2\repository\org\sonatype\plexus\plexus-cipher\1.4\plexus-cipher-1.4.jar;C:\Users\PandeH\.m2\repository\org\apache\maven\maven-plugin-api\3.1.0\maven-plugin-api-3.1.0.jar;C:\Users\PandeH\.m2\repository\org\apache\maven\surefire\surefire-shared-utils\3.2.2\surefire-shared-utils-3.2.2.jar;"/>
    <property name="sun.cpu.endian" value="little"/>
    <property name="user.home" value="C:\Users\PandeH"/>
    <property name="user.language" value="en"/>
    <property name="java.specification.vendor" value="Oracle Corporation"/>
    <property name="java.version.date" value="2023-07-18"/>
    <property name="java.home" value="C:\Program Files\Java\jdk-20"/>
    <property name="file.separator" value="\"/>
    <property name="basedir" value="C:\applications\restAssuredOmPrakash\RestAssuredFramework"/>
    <property name="java.vm.compressedOopsMode" value="Zero based"/>
    <property name="line.separator" value="&#10;"/>
    <property name="java.vm.specification.vendor" value="Oracle Corporation"/>
    <property name="java.specification.name" value="Java Platform API Specification"/>
    <property name="surefire.real.class.path" value="C:\Users\PandeH\AppData\Local\Temp\surefire3195198640794006632\surefirebooter-20231120173649707_3.jar"/>
    <property name="user.script" value=""/>
    <property name="sun.management.compiler" value="HotSpot 64-Bit Tiered Compilers"/>
    <property name="java.runtime.version" value="20.0.2+9-78"/>
    <property name="user.name" value="PandeH"/>
    <property name="stdout.encoding" value="Cp1252"/>
    <property name="path.separator" value=";"/>
    <property name="os.version" value="10.0"/>
    <property name="java.runtime.name" value="Java(TM) SE Runtime Environment"/>
    <property name="file.encoding" value="UTF-8"/>
    <property name="java.vm.name" value="Java HotSpot(TM) 64-Bit Server VM"/>
    <property name="localRepository" value="C:\Users\PandeH\.m2\repository"/>
    <property name="java.vendor.url.bug" value="https://bugreport.java.com/bugreport/"/>
    <property name="java.io.tmpdir" value="C:\Users\PandeH\AppData\Local\Temp\"/>
    <property name="java.version" value="20.0.2"/>
    <property name="user.dir" value="C:\applications\restAssuredOmPrakash\RestAssuredFramework"/>
    <property name="os.arch" value="amd64"/>
    <property name="java.vm.specification.name" value="Java Virtual Machine Specification"/>
    <property name="sun.os.patch.level" value=""/>
    <property name="native.encoding" value="Cp1252"/>
    <property name="java.library.path" value="C:\Program Files\Java\jdk-20\bin;C:\WINDOWS\Sun\Java\bin;C:\WINDOWS\system32;C:\WINDOWS;C:\Program Files\Common Files\Oracle\Java\javapath;C:\WINDOWS\system32;C:\WINDOWS;C:\WINDOWS\System32\Wbem;C:\WINDOWS\System32\WindowsPowerShell\v1.0\;C:\WINDOWS\System32\OpenSSH\;C:\Program Files (x86)\Microsoft SQL Server\160\DTS\Binn\;C:\Program Files\Azure Data Studio\bin;C:\Program Files\apache-maven-3.8.8\bin;C:\Users\PandeH\scoop\shims;C:\Users\PandeH\AppData\Local\Microsoft\WindowsApps;;."/>
    <property name="java.vm.info" value="mixed mode, sharing"/>
    <property name="stderr.encoding" value="Cp1252"/>
    <property name="java.vendor" value="Oracle Corporation"/>
    <property name="java.vm.version" value="20.0.2+9-78"/>
    <property name="sun.io.unicode.encoding" value="UnicodeLittle"/>
    <property name="java.class.version" value="64.0"/>
  </properties>
  <testcase name="ShouldBeAbleToCreateAPlaylist" classname="com.spotify.oauth2.tests.PlaylistTests" time="4.164">
    <system-out><![CDATA[Renewing Token...
Request method:	POST
Request URI:	https://accounts.spotify.com/api/token
Proxy:			<none>
Request params:	<none>
Query params:	<none>
Form params:	refresh_token=AQBIt6_HyGs81DjMGtyd_qHQBZ6309qYlHS4q0kJup-bH0aiY-8gweS7YcXRh2vyqAbIwSjuywzlm8y3bSMxTgIEnH35iKC8Ksj0UClRY1GMWB9PqmL1DJl6G6yhxds4fEw
				grant_type=refresh_token
				client_secret=a253050ff7234d508bcc0aa203dd774d
				client_id=fdad27c660474753b111c24b78c22379
Path params:	<none>
Headers:		Accept=*/*
				Content-Type=application/x-www-form-urlencoded; charset=ISO-8859-1
Cookies:		<none>
Multiparts:		<none>
Body:			<none>
HTTP/1.1 200 OK
date: Mon, 20 Nov 2023 12:06:54 GMT
content-type: application/json
vary: Accept-Encoding
set-cookie: __Host-device_id=AQBIYTclTDIouqSntV50rNd6fG60d2OO6ZdaFYc4Kf7E9cTNH_4TbwuBQU67Y5XBqaXWSsTFsi2yq3JhrIBKH5zAoQyudh72syY;Version=1;Path=/;Max-Age=2147483647;Secure;HttpOnly;SameSite=Lax
set-cookie: sp_tr=false;Version=1;Domain=accounts.spotify.com;Path=/;Secure;SameSite=Lax
sp-trace-id: 1088e8ceeb24e2fa
content-encoding: gzip
x-envoy-upstream-service-time: 25
server: envoy
strict-transport-security: max-age=31536000
x-content-type-options: nosniff
Via: HTTP/2 edgeproxy, 1.1 google
Alt-Svc: h3=":443"; ma=2592000,h3-29=":443"; ma=2592000
Transfer-Encoding: chunked

{
    "access_token": "BQCPI5utb1sYpt3uneMeSTK0AfK7amkvQA_Xh1FhycVjbhZ09Mw2lRcxqxuh6uLzR2D2t0E5ZKTg6WSoJbjITKTZIkrGqw_DyVk8iwbpjZcppTfmL1OVQQR-w86TF2wrP1NFNCkdf06zW4IJcRTh_nnKaDPntmb8gWIizx16oDSncPj-Oicd1LhE3Z7PUWoPeKP8oCXHxYfFcUiGO68G3v40cSyzJgcKv0iDwqMwr4lsBsSmH4y_kCoZZPt8meKoQCL4hsFbkpKtKO1X",
    "token_type": "Bearer",
    "expires_in": 3600,
    "scope": "playlist-read-private playlist-read-collaborative playlist-modify-private playlist-modify-public"
}
{"access_token":"BQCPI5utb1sYpt3uneMeSTK0AfK7amkvQA_Xh1FhycVjbhZ09Mw2lRcxqxuh6uLzR2D2t0E5ZKTg6WSoJbjITKTZIkrGqw_DyVk8iwbpjZcppTfmL1OVQQR-w86TF2wrP1NFNCkdf06zW4IJcRTh_nnKaDPntmb8gWIizx16oDSncPj-Oicd1LhE3Z7PUWoPeKP8oCXHxYfFcUiGO68G3v40cSyzJgcKv0iDwqMwr4lsBsSmH4y_kCoZZPt8meKoQCL4hsFbkpKtKO1X","token_type":"Bearer","expires_in":3600,"scope":"playlist-read-private playlist-read-collaborative playlist-modify-private playlist-modify-public"}
Request method:	POST
Request URI:	https://api.spotify.com/v1/users/31n6pt3u2qolhayrwyhqisky5fc4/playlists
Proxy:			<none>
Request params:	<none>
Query params:	<none>
Form params:	<none>
Path params:	<none>
Headers:		Authorization=Bearer BQCPI5utb1sYpt3uneMeSTK0AfK7amkvQA_Xh1FhycVjbhZ09Mw2lRcxqxuh6uLzR2D2t0E5ZKTg6WSoJbjITKTZIkrGqw_DyVk8iwbpjZcppTfmL1OVQQR-w86TF2wrP1NFNCkdf06zW4IJcRTh_nnKaDPntmb8gWIizx16oDSncPj-Oicd1LhE3Z7PUWoPeKP8oCXHxYfFcUiGO68G3v40cSyzJgcKv0iDwqMwr4lsBsSmH4y_kCoZZPt8meKoQCL4hsFbkpKtKO1X
				Accept=*/*
				Content-Type=application/json
Cookies:		<none>
Multiparts:		<none>
Body:
{
    "description": "new playlist description",
    "name": "new playlist",
    "public": false
}
HTTP/1.1 201 Created
content-type: application/json; charset=utf-8
cache-control: private, max-age=0
location: https://api.spotify.com/v1/playlists/2bUXu1Ru1yHsBtFQBqSCWx
x-robots-tag: noindex, nofollow
access-control-allow-origin: *
access-control-allow-headers: Accept, App-Platform, Authorization, Content-Type, Origin, Retry-After, Spotify-App-Version, X-Cloud-Trace-Context, client-token, content-access-token
access-control-allow-methods: GET, POST, OPTIONS, PUT, DELETE, PATCH
access-control-allow-credentials: true
access-control-max-age: 604800
content-encoding: gzip
strict-transport-security: max-age=31536000
x-content-type-options: nosniff
date: Mon, 20 Nov 2023 12:06:55 GMT
server: envoy
Via: HTTP/2 edgeproxy, 1.1 google
Alt-Svc: h3=":443"; ma=2592000,h3-29=":443"; ma=2592000
Transfer-Encoding: chunked

{
    "collaborative": false,
    "description": "new playlist description",
    "external_urls": {
        "spotify": "https://open.spotify.com/playlist/2bUXu1Ru1yHsBtFQBqSCWx"
    },
    "followers": {
        "href": null,
        "total": 0
    },
    "href": "https://api.spotify.com/v1/playlists/2bUXu1Ru1yHsBtFQBqSCWx",
    "id": "2bUXu1Ru1yHsBtFQBqSCWx",
    "images": [
        
    ],
    "name": "new playlist",
    "owner": {
        "display_name": "hemant pande",
        "external_urls": {
            "spotify": "https://open.spotify.com/user/31n6pt3u2qolhayrwyhqisky5fc4"
        },
        "href": "https://api.spotify.com/v1/users/31n6pt3u2qolhayrwyhqisky5fc4",
        "id": "31n6pt3u2qolhayrwyhqisky5fc4",
        "type": "user",
        "uri": "spotify:user:31n6pt3u2qolhayrwyhqisky5fc4"
    },
    "primary_color": null,
    "public": false,
    "snapshot_id": "MSw5ZGQ0MzE3OTM2YTAxMWM2NmQzNDBmZDM3YzE2MjRmNmU3M2EzMjEw",
    "tracks": {
        "href": "https://api.spotify.com/v1/playlists/2bUXu1Ru1yHsBtFQBqSCWx/tracks",
        "items": [
            
        ],
        "limit": 100,
        "next": null,
        "offset": 0,
        "previous": null,
        "total": 0
    },
    "type": "playlist",
    "uri": "spotify:playlist:2bUXu1Ru1yHsBtFQBqSCWx"
}
]]></system-out>
  </testcase>
  <testcase name="ShouldBeAbleToGetAPlaylist" classname="com.spotify.oauth2.tests.PlaylistTests" time="0.257">
    <system-out><![CDATA[Token is good to use.
Request method:	GET
Request URI:	https://api.spotify.com/v1/playlists/5IcsYr6zLFMB9kbMz9y8vE
Proxy:			<none>
Request params:	<none>
Query params:	<none>
Form params:	<none>
Path params:	<none>
Headers:		Authorization=Bearer BQCPI5utb1sYpt3uneMeSTK0AfK7amkvQA_Xh1FhycVjbhZ09Mw2lRcxqxuh6uLzR2D2t0E5ZKTg6WSoJbjITKTZIkrGqw_DyVk8iwbpjZcppTfmL1OVQQR-w86TF2wrP1NFNCkdf06zW4IJcRTh_nnKaDPntmb8gWIizx16oDSncPj-Oicd1LhE3Z7PUWoPeKP8oCXHxYfFcUiGO68G3v40cSyzJgcKv0iDwqMwr4lsBsSmH4y_kCoZZPt8meKoQCL4hsFbkpKtKO1X
				Accept=*/*
				Content-Type=application/json
Cookies:		<none>
Multiparts:		<none>
Body:			<none>
HTTP/1.1 200 OK
content-type: application/json; charset=utf-8
cache-control: public, max-age=0
etag: "MC-IjQzODZmNDE4MjMxZTY0OTIzNjFkOGZiM2NjZDg1Mjg1Ig=="
x-robots-tag: noindex, nofollow
access-control-allow-origin: *
access-control-allow-headers: Accept, App-Platform, Authorization, Content-Type, Origin, Retry-After, Spotify-App-Version, X-Cloud-Trace-Context, client-token, content-access-token
access-control-allow-methods: GET, POST, OPTIONS, PUT, DELETE, PATCH
access-control-allow-credentials: true
access-control-max-age: 604800
content-encoding: gzip
strict-transport-security: max-age=31536000
x-content-type-options: nosniff
date: Mon, 20 Nov 2023 12:06:55 GMT
server: envoy
Via: HTTP/2 edgeproxy, 1.1 google
Alt-Svc: h3=":443"; ma=2592000,h3-29=":443"; ma=2592000
Transfer-Encoding: chunked

{
    "collaborative": false,
    "description": "Updated playlist description",
    "external_urls": {
        "spotify": "https://open.spotify.com/playlist/5IcsYr6zLFMB9kbMz9y8vE"
    },
    "followers": {
        "href": null,
        "total": 0
    },
    "href": "https://api.spotify.com/v1/playlists/5IcsYr6zLFMB9kbMz9y8vE",
    "id": "5IcsYr6zLFMB9kbMz9y8vE",
    "images": [
        
    ],
    "name": "Updated Playlist Name",
    "owner": {
        "display_name": "hemant pande",
        "external_urls": {
            "spotify": "https://open.spotify.com/user/31n6pt3u2qolhayrwyhqisky5fc4"
        },
        "href": "https://api.spotify.com/v1/users/31n6pt3u2qolhayrwyhqisky5fc4",
        "id": "31n6pt3u2qolhayrwyhqisky5fc4",
        "type": "user",
        "uri": "spotify:user:31n6pt3u2qolhayrwyhqisky5fc4"
    },
    "primary_color": null,
    "public": false,
    "snapshot_id": "NSxhMGU2OWZiMzU4ZjU3YTU2NGQ1ODRkMTk3NzllMTI0NDM0YTU5YzVm",
    "tracks": {
        "href": "https://api.spotify.com/v1/playlists/5IcsYr6zLFMB9kbMz9y8vE/tracks?offset=0&limit=100",
        "items": [
            
        ],
        "limit": 100,
        "next": null,
        "offset": 0,
        "previous": null,
        "total": 0
    },
    "type": "playlist",
    "uri": "spotify:playlist:5IcsYr6zLFMB9kbMz9y8vE"
}
]]></system-out>
  </testcase>
  <testcase name="ShouldBeAbleToUpdateAPlaylist" classname="com.spotify.oauth2.tests.PlaylistTests" time="0.266">
    <system-out><![CDATA[Token is good to use.
Request method:	PUT
Request URI:	https://api.spotify.com/v1/playlists/7edkTYY6ASPWjN7PfrsHD0
Proxy:			<none>
Request params:	<none>
Query params:	<none>
Form params:	<none>
Path params:	<none>
Headers:		Authorization=Bearer BQCPI5utb1sYpt3uneMeSTK0AfK7amkvQA_Xh1FhycVjbhZ09Mw2lRcxqxuh6uLzR2D2t0E5ZKTg6WSoJbjITKTZIkrGqw_DyVk8iwbpjZcppTfmL1OVQQR-w86TF2wrP1NFNCkdf06zW4IJcRTh_nnKaDPntmb8gWIizx16oDSncPj-Oicd1LhE3Z7PUWoPeKP8oCXHxYfFcUiGO68G3v40cSyzJgcKv0iDwqMwr4lsBsSmH4y_kCoZZPt8meKoQCL4hsFbkpKtKO1X
				Accept=*/*
				Content-Type=application/json
Cookies:		<none>
Multiparts:		<none>
Body:
{
    "description": "Updated playlist description",
    "name": "Updated playlist",
    "public": false
}
HTTP/1.1 200 OK
cache-control: private, max-age=0
x-robots-tag: noindex, nofollow
access-control-allow-origin: *
access-control-allow-headers: Accept, App-Platform, Authorization, Content-Type, Origin, Retry-After, Spotify-App-Version, X-Cloud-Trace-Context, client-token, content-access-token
access-control-allow-methods: GET, POST, OPTIONS, PUT, DELETE, PATCH
access-control-allow-credentials: true
access-control-max-age: 604800
Content-Length: 0
strict-transport-security: max-age=31536000
x-content-type-options: nosniff
date: Mon, 20 Nov 2023 12:06:56 GMT
server: envoy
Via: HTTP/2 edgeproxy, 1.1 google
Alt-Svc: h3=":443"; ma=2592000,h3-29=":443"; ma=2592000
]]></system-out>
  </testcase>
  <testcase name="ShouldNotBeAbleToCreateAPlaylistWithExpiredToken" classname="com.spotify.oauth2.tests.PlaylistTests" time="0.192">
    <system-out><![CDATA[Request method:	POST
Request URI:	https://api.spotify.com/v1/users/31n6pt3u2qolhayrwyhqisky5fc4/playlists
Proxy:			<none>
Request params:	<none>
Query params:	<none>
Form params:	<none>
Path params:	<none>
Headers:		Authorization=Bearer 123456
				Accept=*/*
				Content-Type=application/json
Cookies:		<none>
Multiparts:		<none>
Body:
{
    "description": "Updated playlist description",
    "name": "",
    "public": false
}
HTTP/1.1 401 Unauthorized
www-authenticate: Bearer realm="spotify", error="invalid_token", error_description="Invalid access token"
access-control-allow-origin: *
access-control-allow-headers: Accept, App-Platform, Authorization, Content-Type, Origin, Retry-After, Spotify-App-Version, X-Cloud-Trace-Context, client-token, content-access-token
access-control-allow-methods: GET, POST, OPTIONS, PUT, DELETE, PATCH
access-control-allow-credentials: true
access-control-max-age: 604800
content-type: application/json
content-encoding: gzip
strict-transport-security: max-age=31536000
x-content-type-options: nosniff
date: Mon, 20 Nov 2023 12:06:56 GMT
server: envoy
Via: HTTP/2 edgeproxy, 1.1 google
Alt-Svc: h3=":443"; ma=2592000,h3-29=":443"; ma=2592000
Transfer-Encoding: chunked

{
    "error": {
        "status": 401,
        "message": "Invalid access token"
    }
}
]]></system-out>
  </testcase>
  <testcase name="ShouldNotBeAbleToCreateAPlaylistWithoutName" classname="com.spotify.oauth2.tests.PlaylistTests" time="0.195">
    <system-out><![CDATA[Token is good to use.
Request method:	POST
Request URI:	https://api.spotify.com/v1/users/31n6pt3u2qolhayrwyhqisky5fc4/playlists
Proxy:			<none>
Request params:	<none>
Query params:	<none>
Form params:	<none>
Path params:	<none>
Headers:		Authorization=Bearer BQCPI5utb1sYpt3uneMeSTK0AfK7amkvQA_Xh1FhycVjbhZ09Mw2lRcxqxuh6uLzR2D2t0E5ZKTg6WSoJbjITKTZIkrGqw_DyVk8iwbpjZcppTfmL1OVQQR-w86TF2wrP1NFNCkdf06zW4IJcRTh_nnKaDPntmb8gWIizx16oDSncPj-Oicd1LhE3Z7PUWoPeKP8oCXHxYfFcUiGO68G3v40cSyzJgcKv0iDwqMwr4lsBsSmH4y_kCoZZPt8meKoQCL4hsFbkpKtKO1X
				Accept=*/*
				Content-Type=application/json
Cookies:		<none>
Multiparts:		<none>
Body:
{
    "description": "Updated playlist description",
    "name": "",
    "public": false
}
HTTP/1.1 400 Bad Request
content-type: application/json; charset=utf-8
cache-control: private, max-age=0
x-robots-tag: noindex, nofollow
access-control-allow-origin: *
access-control-allow-headers: Accept, App-Platform, Authorization, Content-Type, Origin, Retry-After, Spotify-App-Version, X-Cloud-Trace-Context, client-token, content-access-token
access-control-allow-methods: GET, POST, OPTIONS, PUT, DELETE, PATCH
access-control-allow-credentials: true
access-control-max-age: 604800
content-encoding: gzip
strict-transport-security: max-age=31536000
x-content-type-options: nosniff
date: Mon, 20 Nov 2023 12:06:56 GMT
server: envoy
Via: HTTP/2 edgeproxy, 1.1 google
Alt-Svc: h3=":443"; ma=2592000,h3-29=":443"; ma=2592000
Transfer-Encoding: chunked

{
    "error": {
        "status": 400,
        "message": "Missing required field: name"
    }
}
]]></system-out>
  </testcase>
</testsuite>