<?xml version="1.0" encoding="UTF-8"?>
<!-- Generated by org.testng.reporters.JUnitReportReporter -->
<testsuite hostname="HOME-PC" failures="0" tests="1" name="spotify.oauth2.tests.PlaylistTests" time="1.482" errors="0" timestamp="2023-11-15T10:23:24 IST" skipped="0">
  <testcase classname="spotify.oauth2.tests.PlaylistTests" name="ShouldNotBeAbleToCreateAPlaylistWithExpiredToken" time="1.482"/>
  <system-out/>
</testsuite> <!-- spotify.oauth2.tests.PlaylistTests -->
